Build started 2015-11-12 오전 11:34:19.
     1>Project "C:\Users\P35\Documents\Visual Studio 2013\Projects\Live555\mediaServer\mediaServer.vcxproj" on node 2 (Build target(s)).
     1>Link:
         C:\Program Files (x86)\Microsoft Visual Studio 12.0\VC\bin\link.exe /ERRORREPORT:PROMPT /OUT:"C:\Users\P35\Documents\Visual Studio 2013\Projects\Live555\Release\mediaServer.exe" /INCREMENTAL:NO /NOLOGO kernel32.lib user32.lib gdi32.lib winspool.lib comdlg32.lib advapi32.lib shell32.lib ole32.lib oleaut32.lib uuid.lib odbc32.lib odbccp32.lib /MANIFEST /MANIFESTUAC:"level='asInvoker' uiAccess='false'" /manifest:embed /DEBUG /PDB:"C:\Users\P35\Documents\Visual Studio 2013\Projects\Live555\Release\mediaServer.pdb" /SUBSYSTEM:CONSOLE /OPT:REF /OPT:ICF /LTCG /TLBID:1 /DYNAMICBASE /NXCOMPAT /IMPLIB:"C:\Users\P35\Documents\Visual Studio 2013\Projects\Live555\Release\mediaServer.lib" /MACHINE:X86 /SAFESEH Release\DynamicRTSPServer.obj
         Release\live555MediaServer.obj
     1>DynamicRTSPServer.obj : error LNK2001: unresolved external symbol "public: bool __thiscall ServerMediaSession::addSubsession(class ServerMediaSubsession *)" (?addSubsession@ServerMediaSession@@QAE_NPAVServerMediaSubsession@@@Z)
     1>DynamicRTSPServer.obj : error LNK2001: unresolved external symbol "public: static class ServerMediaSession * __cdecl ServerMediaSession::createNew(class UsageEnvironment &,char const *,char const *,char const *,bool,char const *)" (?createNew@ServerMediaSession@@SAPAV1@AAVUsageEnvironment@@PBD11_N1@Z)
     1>DynamicRTSPServer.obj : error LNK2001: unresolved external symbol "public: static class MPEG4VideoFileServerMediaSubsession * __cdecl MPEG4VideoFileServerMediaSubsession::createNew(class UsageEnvironment &,char const *,bool)" (?createNew@MPEG4VideoFileServerMediaSubsession@@SAPAV1@AAVUsageEnvironment@@PBD_N@Z)
     1>DynamicRTSPServer.obj : error LNK2001: unresolved external symbol "protected: virtual class GenericMediaServer::ClientConnection * __thiscall RTSPServerSupportingHTTPStreaming::createNewClientConnection(int,struct sockaddr_in)" (?createNewClientConnection@RTSPServerSupportingHTTPStreaming@@MAEPAVClientConnection@GenericMediaServer@@HUsockaddr_in@@@Z)
     1>DynamicRTSPServer.obj : error LNK2001: unresolved external symbol "protected: virtual __thiscall RTSPServerSupportingHTTPStreaming::~RTSPServerSupportingHTTPStreaming(void)" (??1RTSPServerSupportingHTTPStreaming@@MAE@XZ)
     1>DynamicRTSPServer.obj : error LNK2001: unresolved external symbol "protected: __thiscall RTSPServerSupportingHTTPStreaming::RTSPServerSupportingHTTPStreaming(class UsageEnvironment &,int,class Port,class UserAuthenticationDatabase *,unsigned int)" (??0RTSPServerSupportingHTTPStreaming@@IAE@AAVUsageEnvironment@@HVPort@@PAVUserAuthenticationDatabase@@I@Z)
     1>DynamicRTSPServer.obj : error LNK2001: unresolved external symbol "public: static class DVVideoFileServerMediaSubsession * __cdecl DVVideoFileServerMediaSubsession::createNew(class UsageEnvironment &,char const *,bool)" (?createNew@DVVideoFileServerMediaSubsession@@SAPAV1@AAVUsageEnvironment@@PBD_N@Z)
     1>DynamicRTSPServer.obj : error LNK2001: unresolved external symbol "public: static class ADTSAudioFileServerMediaSubsession * __cdecl ADTSAudioFileServerMediaSubsession::createNew(class UsageEnvironment &,char const *,bool)" (?createNew@ADTSAudioFileServerMediaSubsession@@SAPAV1@AAVUsageEnvironment@@PBD_N@Z)
     1>DynamicRTSPServer.obj : error LNK2001: unresolved external symbol "public: class ServerMediaSubsession * __thiscall MatroskaFileServerDemux::newServerMediaSubsession(void)" (?newServerMediaSubsession@MatroskaFileServerDemux@@QAEPAVServerMediaSubsession@@XZ)
     1>DynamicRTSPServer.obj : error LNK2001: unresolved external symbol "public: static void __cdecl MatroskaFileServerDemux::createNew(class UsageEnvironment &,char const *,void (__cdecl*)(class MatroskaFileServerDemux *,void *),void *,char const *)" (?createNew@MatroskaFileServerDemux@@SAXAAVUsageEnvironment@@PBDP6AXPAV1@PAX@Z31@Z)
     1>DynamicRTSPServer.obj : error LNK2001: unresolved external symbol "public: static class H264VideoFileServerMediaSubsession * __cdecl H264VideoFileServerMediaSubsession::createNew(class UsageEnvironment &,char const *,bool)" (?createNew@H264VideoFileServerMediaSubsession@@SAPAV1@AAVUsageEnvironment@@PBD_N@Z)
     1>DynamicRTSPServer.obj : error LNK2001: unresolved external symbol "public: class ServerMediaSubsession * __thiscall OggFileServerDemux::newServerMediaSubsession(void)" (?newServerMediaSubsession@OggFileServerDemux@@QAEPAVServerMediaSubsession@@XZ)
     1>DynamicRTSPServer.obj : error LNK2001: unresolved external symbol "public: static void __cdecl OggFileServerDemux::createNew(class UsageEnvironment &,char const *,void (__cdecl*)(class OggFileServerDemux *,void *),void *)" (?createNew@OggFileServerDemux@@SAXAAVUsageEnvironment@@PBDP6AXPAV1@PAX@Z3@Z)
     1>DynamicRTSPServer.obj : error LNK2001: unresolved external symbol "protected: virtual class GenericMediaServer::ClientSession * __thiscall RTSPServer::createNewClientSession(unsigned int)" (?createNewClientSession@RTSPServer@@MAEPAVClientSession@GenericMediaServer@@I@Z)
     1>DynamicRTSPServer.obj : error LNK2001: unresolved external symbol "private: virtual bool __thiscall RTSPServer::isRTSPServer(void)const " (?isRTSPServer@RTSPServer@@EBE_NXZ)
     1>DynamicRTSPServer.obj : error LNK2001: unresolved external symbol "protected: virtual bool __thiscall RTSPServer::specialClientUserAccessCheck(int,struct sockaddr_in &,char const *,char const *)" (?specialClientUserAccessCheck@RTSPServer@@MAE_NHAAUsockaddr_in@@PBD1@Z)
     1>DynamicRTSPServer.obj : error LNK2001: unresolved external symbol "protected: virtual bool __thiscall RTSPServer::specialClientAccessCheck(int,struct sockaddr_in &,char const *)" (?specialClientAccessCheck@RTSPServer@@MAE_NHAAUsockaddr_in@@PBD@Z)
     1>DynamicRTSPServer.obj : error LNK2001: unresolved external symbol "protected: virtual class UserAuthenticationDatabase * __thiscall RTSPServer::getAuthenticationDatabaseForCommand(char const *)" (?getAuthenticationDatabaseForCommand@RTSPServer@@MAEPAVUserAuthenticationDatabase@@PBD@Z)
     1>DynamicRTSPServer.obj : error LNK2001: unresolved external symbol "protected: virtual void __thiscall RTSPServer::implementCmd_REGISTER(char const *,char const *,int,bool,char const *)" (?implementCmd_REGISTER@RTSPServer@@MAEXPBD0H_N0@Z)
     1>DynamicRTSPServer.obj : error LNK2001: unresolved external symbol "protected: virtual bool __thiscall RTSPServer::weImplementREGISTER(char const *,char * &)" (?weImplementREGISTER@RTSPServer@@MAE_NPBDAAPAD@Z)
     1>DynamicRTSPServer.obj : error LNK2001: unresolved external symbol "protected: virtual char const * __thiscall RTSPServer::allowedCommandNames(void)" (?allowedCommandNames@RTSPServer@@MAEPBDXZ)
     1>DynamicRTSPServer.obj : error LNK2001: unresolved external symbol "protected: static int __cdecl GenericMediaServer::setUpOurSocket(class UsageEnvironment &,class Port &)" (?setUpOurSocket@GenericMediaServer@@KAHAAVUsageEnvironment@@AAVPort@@@Z)
     1>DynamicRTSPServer.obj : error LNK2001: unresolved external symbol "public: void __thiscall GenericMediaServer::removeServerMediaSession(class ServerMediaSession *)" (?removeServerMediaSession@GenericMediaServer@@QAEXPAVServerMediaSession@@@Z)
     1>DynamicRTSPServer.obj : error LNK2001: unresolved external symbol "public: virtual class ServerMediaSession * __thiscall GenericMediaServer::lookupServerMediaSession(char const *,bool)" (?lookupServerMediaSession@GenericMediaServer@@UAEPAVServerMediaSession@@PBD_N@Z)
     1>DynamicRTSPServer.obj : error LNK2001: unresolved external symbol "public: void __thiscall GenericMediaServer::addServerMediaSession(class ServerMediaSession *)" (?addServerMediaSession@GenericMediaServer@@QAEXPAVServerMediaSession@@@Z)
     1>DynamicRTSPServer.obj : error LNK2001: unresolved external symbol "public: class ServerMediaSubsession * __thiscall MPEG1or2FileServerDemux::newAC3AudioServerMediaSubsession(void)" (?newAC3AudioServerMediaSubsession@MPEG1or2FileServerDemux@@QAEPAVServerMediaSubsession@@XZ)
     1>DynamicRTSPServer.obj : error LNK2001: unresolved external symbol "public: class ServerMediaSubsession * __thiscall MPEG1or2FileServerDemux::newVideoServerMediaSubsession(bool,double)" (?newVideoServerMediaSubsession@MPEG1or2FileServerDemux@@QAEPAVServerMediaSubsession@@_NN@Z)
     1>DynamicRTSPServer.obj : error LNK2001: unresolved external symbol "public: class ServerMediaSubsession * __thiscall MPEG1or2FileServerDemux::newAudioServerMediaSubsession(void)" (?newAudioServerMediaSubsession@MPEG1or2FileServerDemux@@QAEPAVServerMediaSubsession@@XZ)
     1>DynamicRTSPServer.obj : error LNK2001: unresolved external symbol "public: static class MPEG1or2FileServerDemux * __cdecl MPEG1or2FileServerDemux::createNew(class UsageEnvironment &,char const *,bool)" (?createNew@MPEG1or2FileServerDemux@@SAPAV1@AAVUsageEnvironment@@PBD_N@Z)
     1>DynamicRTSPServer.obj : error LNK2001: unresolved external symbol "public: static unsigned int OutPacketBuffer::maxSize" (?maxSize@OutPacketBuffer@@2IA)
     1>DynamicRTSPServer.obj : error LNK2001: unresolved external symbol "public: static class AC3AudioFileServerMediaSubsession * __cdecl AC3AudioFileServerMediaSubsession::createNew(class UsageEnvironment &,char const *,bool)" (?createNew@AC3AudioFileServerMediaSubsession@@SAPAV1@AAVUsageEnvironment@@PBD_N@Z)
     1>DynamicRTSPServer.obj : error LNK2001: unresolved external symbol "public: static class WAVAudioFileServerMediaSubsession * __cdecl WAVAudioFileServerMediaSubsession::createNew(class UsageEnvironment &,char const *,bool,bool)" (?createNew@WAVAudioFileServerMediaSubsession@@SAPAV1@AAVUsageEnvironment@@PBD_N2@Z)
     1>DynamicRTSPServer.obj : error LNK2001: unresolved external symbol "public: static class MPEG2TransportFileServerMediaSubsession * __cdecl MPEG2TransportFileServerMediaSubsession::createNew(class UsageEnvironment &,char const *,char const *,bool)" (?createNew@MPEG2TransportFileServerMediaSubsession@@SAPAV1@AAVUsageEnvironment@@PBD1_N@Z)
     1>DynamicRTSPServer.obj : error LNK2001: unresolved external symbol "public: virtual bool __thiscall Medium::isServerMediaSession(void)const " (?isServerMediaSession@Medium@@UBE_NXZ)
     1>DynamicRTSPServer.obj : error LNK2001: unresolved external symbol "public: virtual bool __thiscall Medium::isMediaSession(void)const " (?isMediaSession@Medium@@UBE_NXZ)
     1>DynamicRTSPServer.obj : error LNK2001: unresolved external symbol "public: virtual bool __thiscall Medium::isRTSPClient(void)const " (?isRTSPClient@Medium@@UBE_NXZ)
     1>DynamicRTSPServer.obj : error LNK2001: unresolved external symbol "public: virtual bool __thiscall Medium::isRTCPInstance(void)const " (?isRTCPInstance@Medium@@UBE_NXZ)
     1>DynamicRTSPServer.obj : error LNK2001: unresolved external symbol "public: virtual bool __thiscall Medium::isSink(void)const " (?isSink@Medium@@UBE_NXZ)
     1>DynamicRTSPServer.obj : error LNK2001: unresolved external symbol "public: virtual bool __thiscall Medium::isSource(void)const " (?isSource@Medium@@UBE_NXZ)
     1>DynamicRTSPServer.obj : error LNK2001: unresolved external symbol "public: static class AMRAudioFileServerMediaSubsession * __cdecl AMRAudioFileServerMediaSubsession::createNew(class UsageEnvironment &,char const *,bool)" (?createNew@AMRAudioFileServerMediaSubsession@@SAPAV1@AAVUsageEnvironment@@PBD_N@Z)
     1>DynamicRTSPServer.obj : error LNK2001: unresolved external symbol "public: static class MP3AudioFileServerMediaSubsession * __cdecl MP3AudioFileServerMediaSubsession::createNew(class UsageEnvironment &,char const *,bool,bool,class Interleaving *)" (?createNew@MP3AudioFileServerMediaSubsession@@SAPAV1@AAVUsageEnvironment@@PBD_N2PAVInterleaving@@@Z)
     1>DynamicRTSPServer.obj : error LNK2001: unresolved external symbol "public: static class H265VideoFileServerMediaSubsession * __cdecl H265VideoFileServerMediaSubsession::createNew(class UsageEnvironment &,char const *,bool)" (?createNew@H265VideoFileServerMediaSubsession@@SAPAV1@AAVUsageEnvironment@@PBD_N@Z)
     1>live555MediaServer.obj : error LNK2001: unresolved external symbol "public: __thiscall Port::Port(unsigned short)" (??0Port@@QAE@G@Z)
     1>live555MediaServer.obj : error LNK2001: unresolved external symbol "public: static class BasicUsageEnvironment * __cdecl BasicUsageEnvironment::createNew(class TaskScheduler &)" (?createNew@BasicUsageEnvironment@@SAPAV1@AAVTaskScheduler@@@Z)
     1>live555MediaServer.obj : error LNK2001: unresolved external symbol "public: static class BasicTaskScheduler * __cdecl BasicTaskScheduler::createNew(unsigned int)" (?createNew@BasicTaskScheduler@@SAPAV1@I@Z)
     1>live555MediaServer.obj : error LNK2001: unresolved external symbol "public: unsigned short __thiscall RTSPServer::httpServerPortNum(void)const " (?httpServerPortNum@RTSPServer@@QBEGXZ)
     1>live555MediaServer.obj : error LNK2001: unresolved external symbol "public: bool __thiscall RTSPServer::setUpTunnelingOverHTTP(class Port)" (?setUpTunnelingOverHTTP@RTSPServer@@QAE_NVPort@@@Z)
     1>live555MediaServer.obj : error LNK2001: unresolved external symbol "public: char * __thiscall RTSPServer::rtspURLPrefix(int)const " (?rtspURLPrefix@RTSPServer@@QBEPADH@Z)
     1>C:\Users\P35\Documents\Visual Studio 2013\Projects\Live555\Release\mediaServer.exe : fatal error LNK1120: 48 unresolved externals
     1>Done Building Project "C:\Users\P35\Documents\Visual Studio 2013\Projects\Live555\mediaServer\mediaServer.vcxproj" (Build target(s)) -- FAILED.

Build FAILED.

Time Elapsed 00:00:00.13
